<?xml version="1.0" encoding="UTF-8"?>
<testsuite name="org.launchcode.docvisiting.UnitTesting" tests="10" skipped="0" failures="0" errors="0" timestamp="2024-01-09T05:42:00" hostname="DESKTOP-T043DPA" time="2.015">
  <properties/>
  <testcase name="testMatchingPassword()" classname="org.launchcode.docvisiting.UnitTesting" time="1.078"/>
  <testcase name="testLocationIsActive()" classname="org.launchcode.docvisiting.UnitTesting" time="0.016"/>
  <testcase name="testOffenderGetFullName()" classname="org.launchcode.docvisiting.UnitTesting" time="0.009"/>
  <testcase name="testOffenderLocation()" classname="org.launchcode.docvisiting.UnitTesting" time="0.008"/>
  <testcase name="testLocationGetAbbr()" classname="org.launchcode.docvisiting.UnitTesting" time="0.006"/>
  <testcase name="testLocationGetName()" classname="org.launchcode.docvisiting.UnitTesting" time="0.006"/>
  <testcase name="testIsActive()" classname="org.launchcode.docvisiting.UnitTesting" time="0.008"/>
  <testcase name="testNonMatchingPassword()" classname="org.launchcode.docvisiting.UnitTesting" time="0.29"/>
  <testcase name="testLoginTypeToString()" classname="org.launchcode.docvisiting.UnitTesting" time="0.457"/>
  <testcase name="testFullName()" classname="org.launchcode.docvisiting.UnitTesting" time="0.109"/>
  <system-out><![CDATA[23:41:51.677 [Test worker] INFO org.springframework.test.context.support.AnnotationConfigContextLoaderUtils -- Could not detect default configuration classes for test class [org.launchcode.docvisiting.UnitTesting]: UnitTesting does not declare any static, non-private, non-final, nested classes annotated with @Configuration.
23:41:51.856 [Test worker] INFO org.springframework.boot.test.context.SpringBootTestContextBootstrapper -- Found @SpringBootConfiguration org.launchcode.docvisiting.DOCVisitingApplication for test class org.launchcode.docvisiting.UnitTesting

  .   ____          _            __ _ _
 /\\ / ___'_ __ _ _(_)_ __  __ _ \ \ \ \
( ( )\___ | '_ | '_| | '_ \/ _` | \ \ \ \
 \\/  ___)| |_)| | | | | || (_| |  ) ) ) )
  '  |____| .__|_| |_|_| |_\__, | / / / /
 =========|_|==============|___/=/_/_/_/
 :: Spring Boot ::                (v3.1.5)

2024-01-08T23:41:52.549-06:00  INFO 13724 --- [    Test worker] org.launchcode.docvisiting.UnitTesting   : Starting UnitTesting using Java 20.0.2.1 with PID 13724 (started by jonha in C:\TestCode\visitation)
2024-01-08T23:41:52.551-06:00  INFO 13724 --- [    Test worker] org.launchcode.docvisiting.UnitTesting   : No active profile set, falling back to 1 default profile: "default"
2024-01-08T23:41:53.564-06:00  INFO 13724 --- [    Test worker] .s.d.r.c.RepositoryConfigurationDelegate : Bootstrapping Spring Data JPA repositories in DEFAULT mode.
2024-01-08T23:41:53.687-06:00  INFO 13724 --- [    Test worker] .s.d.r.c.RepositoryConfigurationDelegate : Finished Spring Data repository scanning in 108 ms. Found 6 JPA repository interfaces.
2024-01-08T23:41:54.580-06:00  INFO 13724 --- [    Test worker] o.hibernate.jpa.internal.util.LogHelper  : HHH000204: Processing PersistenceUnitInfo [name: default]
2024-01-08T23:41:54.693-06:00  INFO 13724 --- [    Test worker] org.hibernate.Version                    : HHH000412: Hibernate ORM core version 6.2.13.Final
2024-01-08T23:41:54.697-06:00  INFO 13724 --- [    Test worker] org.hibernate.cfg.Environment            : HHH000406: Using bytecode reflection optimizer
2024-01-08T23:41:55.196-06:00  INFO 13724 --- [    Test worker] o.s.o.j.p.SpringPersistenceUnitInfo      : No LoadTimeWeaver setup: ignoring JPA class transformer
2024-01-08T23:41:55.255-06:00  INFO 13724 --- [    Test worker] com.zaxxer.hikari.HikariDataSource       : HikariPool-1 - Starting...
2024-01-08T23:41:55.523-06:00  INFO 13724 --- [    Test worker] com.zaxxer.hikari.pool.HikariPool        : HikariPool-1 - Added connection com.mysql.cj.jdbc.ConnectionImpl@844e66d
2024-01-08T23:41:55.527-06:00  INFO 13724 --- [    Test worker] com.zaxxer.hikari.HikariDataSource       : HikariPool-1 - Start completed.
2024-01-08T23:41:55.612-06:00  WARN 13724 --- [    Test worker] org.hibernate.dialect.Dialect            : HHH000511: The 5.5.0 version for [org.hibernate.dialect.MySQLDialect] is no longer supported, hence certain features may not work properly. The minimum supported version is 5.7.0. Check the community dialects project for available legacy versions.
2024-01-08T23:41:57.484-06:00  INFO 13724 --- [    Test worker] o.h.e.t.j.p.i.JtaPlatformInitiator       : HHH000489: No JTA platform available (set 'hibernate.transaction.jta.platform' to enable JTA platform integration)
2024-01-08T23:41:57.712-06:00  INFO 13724 --- [    Test worker] j.LocalContainerEntityManagerFactoryBean : Initialized JPA EntityManagerFactory for persistence unit 'default'
2024-01-08T23:41:58.452-06:00  INFO 13724 --- [    Test worker] o.s.d.j.r.query.QueryEnhancerFactory     : Hibernate is in classpath; If applicable, HQL parser will be used.
2024-01-08T23:41:59.636-06:00  WARN 13724 --- [    Test worker] JpaBaseConfiguration$JpaWebConfiguration : spring.jpa.open-in-view is enabled by default. Therefore, database queries may be performed during view rendering. Explicitly configure spring.jpa.open-in-view to disable this warning
2024-01-08T23:42:00.193-06:00  INFO 13724 --- [    Test worker] org.launchcode.docvisiting.UnitTesting   : Started UnitTesting in 8.014 seconds (process running for 10.0)
]]></system-out>
  <system-err><![CDATA[]]></system-err>
</testsuite>
